0 info it worked if it ends with ok
1 verbose cli [ '/opt/node/bin/node',
1 verbose cli   '/usr/local/bin/npm',
1 verbose cli   'install',
1 verbose cli   '-g',
1 verbose cli   'nodemon' ]
2 info using npm@2.14.7
3 info using node@v4.2.3
4 verbose install initial load of /usr/local/lib/package.json
5 verbose readDependencies loading dependencies from /usr/local/lib/package.json
6 silly cache add args [ 'nodemon', null ]
7 verbose cache add spec nodemon
8 silly cache add parsed spec Result {
8 silly cache add   raw: 'nodemon',
8 silly cache add   scope: null,
8 silly cache add   name: 'nodemon',
8 silly cache add   rawSpec: '',
8 silly cache add   spec: '*',
8 silly cache add   type: 'range' }
9 silly addNamed nodemon@*
10 verbose addNamed "*" is a valid semver range for nodemon
11 silly addNameRange { name: 'nodemon', range: '*', hasData: false }
12 silly mapToRegistry name nodemon
13 silly mapToRegistry using default registry
14 silly mapToRegistry registry https://registry.npmjs.org/
15 silly mapToRegistry uri https://registry.npmjs.org/nodemon
16 verbose addNameRange registry:https://registry.npmjs.org/nodemon not in flight; fetching
17 verbose request uri https://registry.npmjs.org/nodemon
18 verbose request no auth needed
19 info attempt registry request try #1 at 12:07:14 PM
20 verbose request id ae245dbf05898f84
21 verbose etag W/"592ae905-31120"
22 verbose lastModified Sun, 28 May 2017 15:13:09 GMT
23 http request GET https://registry.npmjs.org/nodemon
24 http 304 https://registry.npmjs.org/nodemon
25 verbose headers { date: 'Mon, 29 May 2017 06:37:15 GMT',
25 verbose headers   via: '1.1 varnish',
25 verbose headers   'cache-control': 'max-age=300',
25 verbose headers   etag: 'W/"592ae905-31120"',
25 verbose headers   age: '0',
25 verbose headers   connection: 'keep-alive',
25 verbose headers   'x-served-by': 'cache-sin18029-SIN',
25 verbose headers   'x-cache': 'HIT',
25 verbose headers   'x-cache-hits': '1',
25 verbose headers   'x-timer': 'S1496039835.107947,VS0,VE102',
25 verbose headers   vary: 'Accept-Encoding' }
26 silly get cb [ 304,
26 silly get   { date: 'Mon, 29 May 2017 06:37:15 GMT',
26 silly get     via: '1.1 varnish',
26 silly get     'cache-control': 'max-age=300',
26 silly get     etag: 'W/"592ae905-31120"',
26 silly get     age: '0',
26 silly get     connection: 'keep-alive',
26 silly get     'x-served-by': 'cache-sin18029-SIN',
26 silly get     'x-cache': 'HIT',
26 silly get     'x-cache-hits': '1',
26 silly get     'x-timer': 'S1496039835.107947,VS0,VE102',
26 silly get     vary: 'Accept-Encoding' } ]
27 verbose etag https://registry.npmjs.org/nodemon from cache
28 verbose get saving nodemon to /home/meet/.npm/registry.npmjs.org/nodemon/.cache.json
29 silly addNameRange number 2 { name: 'nodemon', range: '*', hasData: true }
30 silly addNameRange versions [ 'nodemon',
30 silly addNameRange   [ '0.1.4',
30 silly addNameRange     '0.1.5',
30 silly addNameRange     '0.1.6',
30 silly addNameRange     '0.1.7',
30 silly addNameRange     '0.1.8',
30 silly addNameRange     '0.2.0',
30 silly addNameRange     '0.2.1',
30 silly addNameRange     '0.2.2',
30 silly addNameRange     '0.3.0',
30 silly addNameRange     '0.3.1',
30 silly addNameRange     '0.3.2',
30 silly addNameRange     '0.4.0',
30 silly addNameRange     '0.4.1',
30 silly addNameRange     '0.5.0',
30 silly addNameRange     '0.5.1',
30 silly addNameRange     '0.5.2',
30 silly addNameRange     '0.5.3',
30 silly addNameRange     '0.5.4',
30 silly addNameRange     '0.5.5',
30 silly addNameRange     '0.5.6',
30 silly addNameRange     '0.5.7',
30 silly addNameRange     '0.6.0',
30 silly addNameRange     '0.6.1',
30 silly addNameRange     '0.6.2',
30 silly addNameRange     '0.6.3',
30 silly addNameRange     '0.6.4',
30 silly addNameRange     '0.6.5',
30 silly addNameRange     '0.6.6',
30 silly addNameRange     '0.6.7',
30 silly addNameRange     '0.6.8',
30 silly addNameRange     '0.6.9',
30 silly addNameRange     '0.6.10',
30 silly addNameRange     '0.6.11',
30 silly addNameRange     '0.6.12',
30 silly addNameRange     '0.6.13',
30 silly addNameRange     '0.6.14',
30 silly addNameRange     '0.6.15',
30 silly addNameRange     '0.6.16',
30 silly addNameRange     '0.6.17',
30 silly addNameRange     '0.6.18',
30 silly addNameRange     '0.6.19',
30 silly addNameRange     '0.6.20',
30 silly addNameRange     '0.6.21',
30 silly addNameRange     '0.6.22',
30 silly addNameRange     '0.6.23',
30 silly addNameRange     '0.7.0',
30 silly addNameRange     '0.7.1',
30 silly addNameRange     '0.7.2',
30 silly addNameRange     '0.7.3',
30 silly addNameRange     '0.7.4',
30 silly addNameRange     '0.7.5',
30 silly addNameRange     '0.7.6',
30 silly addNameRange     '0.7.7',
30 silly addNameRange     '0.7.8',
30 silly addNameRange     '0.7.10',
30 silly addNameRange     '0.9.0',
30 silly addNameRange     '0.9.1',
30 silly addNameRange     '0.9.2',
30 silly addNameRange     '0.9.3',
30 silly addNameRange     '0.9.5',
30 silly addNameRange     '0.9.6',
30 silly addNameRange     '0.9.7',
30 silly addNameRange     '0.9.10',
30 silly addNameRange     '0.9.11',
30 silly addNameRange     '0.9.12',
30 silly addNameRange     '0.9.14',
30 silly addNameRange     '0.9.16',
30 silly addNameRange     '0.9.17',
30 silly addNameRange     '1.0.0',
30 silly addNameRange     '1.0.1',
30 silly addNameRange     '1.0.2',
30 silly addNameRange     '1.0.2-rc',
30 silly addNameRange     '0.6.10-a',
30 silly addNameRange     '1.0.2-rc3',
30 silly addNameRange     '1.0.2-rc4',
30 silly addNameRange     '1.0.3',
30 silly addNameRange     '1.0.4',
30 silly addNameRange     '1.0.5',
30 silly addNameRange     '1.0.6',
30 silly addNameRange     '1.0.7',
30 silly addNameRange     '1.0.8',
30 silly addNameRange     '1.0.9',
30 silly addNameRange     '1.0.10',
30 silly addNameRange     '1.0.11',
30 silly addNameRange     '1.0.12',
30 silly addNameRange     '1.0.13',
30 silly addNameRange     '1.0.14',
30 silly addNameRange     '1.0.15',
30 silly addNameRange     '1.0.16',
30 silly addNameRange     '1.0.17-rc1',
30 silly addNameRange     '1.0.17-rc2',
30 silly addNameRange     '1.0.17',
30 silly addNameRange     '1.0.18',
30 silly addNameRange     '1.0.19',
30 silly addNameRange     '1.0.20',
30 silly addNameRange     '1.1.0-alpha',
30 silly addNameRange     '1.1.0',
30 silly addNameRange     '1.1.1',
30 silly addNameRange     '1.2.0',
30 silly addNameRange     '1.2.1',
30 silly addNameRange     '1.3.0-0',
30 silly addNameRange     '1.3.0-1',
30 silly addNameRange     '1.3.0-2',
30 silly addNameRange     '1.3.0-3',
30 silly addNameRange     '1.3.0-4',
30 silly addNameRange     '1.3.0-5',
30 silly addNameRange     '1.3.0-6',
30 silly addNameRange     '1.3.0-7',
30 silly addNameRange     '1.3.0',
30 silly addNameRange     '1.3.1',
30 silly addNameRange     '1.3.2',
30 silly addNameRange     '1.3.3',
30 silly addNameRange     '1.3.5',
30 silly addNameRange     '1.3.6',
30 silly addNameRange     '1.3.7',
30 silly addNameRange     '1.3.8',
30 silly addNameRange     '1.4.0',
30 silly addNameRange     '1.4.1',
30 silly addNameRange     '1.5.0-alpha1',
30 silly addNameRange     '1.5.0-alpha2',
30 silly addNameRange     '1.5.0-alpha3',
30 silly addNameRange     '1.5.0-alpha4',
30 silly addNameRange     '1.4.2',
30 silly addNameRange     '1.5.0',
30 silly addNameRange     '1.5.1',
30 silly addNameRange     '1.6.0',
30 silly addNameRange     '1.6.1',
30 silly addNameRange     '1.7.0',
30 silly addNameRange     '1.7.1',
30 silly addNameRange     '1.7.2',
30 silly addNameRange     '1.7.3',
30 silly addNameRange     '1.8.0',
30 silly addNameRange     '1.8.1',
30 silly addNameRange     '1.9.0',
30 silly addNameRange     '1.9.1',
30 silly addNameRange     '1.9.2',
30 silly addNameRange     '1.10.0',
30 silly addNameRange     '1.10.1',
30 silly addNameRange     '1.10.2',
30 silly addNameRange     '1.11.0' ] ]
31 silly addNamed nodemon@1.11.0
32 verbose addNamed "1.11.0" is a plain semver version for nodemon
33 silly cache afterAdd nodemon@1.11.0
34 verbose afterAdd /home/meet/.npm/nodemon/1.11.0/package/package.json not in flight; writing
35 verbose afterAdd /home/meet/.npm/nodemon/1.11.0/package/package.json written
36 silly install resolved [ { name: 'nodemon',
36 silly install resolved     homepage: 'http://nodemon.io',
36 silly install resolved     author: { name: 'Remy Sharp', url: 'http://github.com/remy' },
36 silly install resolved     bin: { nodemon: './bin/nodemon.js' },
36 silly install resolved     engines: { node: '>=0.8' },
36 silly install resolved     repository: { type: 'git', url: 'git+https://github.com/remy/nodemon.git' },
36 silly install resolved     description: 'Simple monitor script for use during development of a node.js app.',
36 silly install resolved     keywords:
36 silly install resolved      [ 'monitor',
36 silly install resolved        'development',
36 silly install resolved        'restart',
36 silly install resolved        'autoload',
36 silly install resolved        'reload',
36 silly install resolved        'terminal' ],
36 silly install resolved     license: 'MIT',
36 silly install resolved     main: './lib/nodemon',
36 silly install resolved     scripts:
36 silly install resolved      { coverage: 'istanbul cover _mocha -- --timeout 30000 --ui bdd --reporter list test/**/*.test.js',
36 silly install resolved        lint: 'jscs lib/**/*.js -v',
36 silly install resolved        ':spec': 'mocha --timeout 30000 --ui bdd test/**/*.test.js',
36 silly install resolved        test: 'npm run lint && npm run spec',
36 silly install resolved        spec: 'for FILE in test/**/*.test.js; do echo $FILE; ./node_modules/.bin/mocha --timeout 30000 $FILE; if [ $? -ne 0 ]; then exit 1; fi; sleep 1; done',
36 silly install resolved        web: 'node web',
36 silly install resolved        'semantic-release': 'semantic-release pre && npm publish && semantic-release post' },
36 silly install resolved     devDependencies:
36 silly install resolved      { async: '1.4.2',
36 silly install resolved        'coffee-script': '~1.7.1',
36 silly install resolved        connect: '~2.19.1',
36 silly install resolved        istanbul: '~0.2.10',
36 silly install resolved        jscs: '2.1.1',
36 silly install resolved        mocha: '2.3.3',
36 silly install resolved        should: '~4.0.0',
36 silly install resolved        'semantic-release': '4.3.5' },
36 silly install resolved     dependencies:
36 silly install resolved      { chokidar: '^1.4.3',
36 silly install resolved        debug: '^2.2.0',
36 silly install resolved        'es6-promise': '^3.0.2',
36 silly install resolved        'ignore-by-default': '^1.0.0',
36 silly install resolved        'lodash.defaults': '^3.1.2',
36 silly install resolved        minimatch: '^3.0.0',
36 silly install resolved        'ps-tree': '^1.0.1',
36 silly install resolved        touch: '1.0.0',
36 silly install resolved        undefsafe: '0.0.3',
36 silly install resolved        'update-notifier': '0.5.0' },
36 silly install resolved     version: '1.11.0',
36 silly install resolved     gitHead: '2cd85b1f609e9749d19afcdbd71368e6ab063f9d',
36 silly install resolved     bugs: { url: 'https://github.com/remy/nodemon/issues' },
36 silly install resolved     _id: 'nodemon@1.11.0',
36 silly install resolved     _shasum: '226c562bd2a7b13d3d7518b49ad4828a3623d06c',
36 silly install resolved     _from: 'nodemon@*',
36 silly install resolved     _npmVersion: '2.15.11',
36 silly install resolved     _nodeVersion: '6.7.0',
36 silly install resolved     _npmUser: { name: 'remy', email: 'remy@leftlogic.com' },
36 silly install resolved     dist:
36 silly install resolved      { shasum: '226c562bd2a7b13d3d7518b49ad4828a3623d06c',
36 silly install resolved        tarball: 'https://registry.npmjs.org/nodemon/-/nodemon-1.11.0.tgz' },
36 silly install resolved     maintainers: [ [Object] ],
36 silly install resolved     _npmOperationalInternal:
36 silly install resolved      { host: 'packages-12-west.internal.npmjs.com',
36 silly install resolved        tmp: 'tmp/nodemon-1.11.0.tgz_1475780171533_0.901109219994396' },
36 silly install resolved     directories: {},
36 silly install resolved     _resolved: 'https://registry.npmjs.org/nodemon/-/nodemon-1.11.0.tgz',
36 silly install resolved     readme: 'ERROR: No README data found!' } ]
37 info install nodemon@1.11.0 into /usr/local/lib
38 info installOne nodemon@1.11.0
39 verbose installOne of nodemon to /usr/local/lib not in flight; installing
40 verbose lock using /home/meet/.npm/_locks/nodemon-49f7ed19e778991e.lock for /usr/local/lib/node_modules/nodemon
41 silly install write writing nodemon 1.11.0 to /usr/local/lib/node_modules/nodemon
42 verbose unbuild lib/node_modules/nodemon
43 silly gentlyRm /usr/local/lib/node_modules/nodemon is being purged from base /usr/local
44 verbose gentlyRm don't care about contents; nuking /usr/local/lib/node_modules/nodemon
45 verbose tar unpack /home/meet/.npm/nodemon/1.11.0/package.tgz
46 verbose tar unpacking to /usr/local/lib/node_modules/nodemon
47 silly gentlyRm /usr/local/lib/node_modules/nodemon is being purged
48 verbose gentlyRm don't care about contents; nuking /usr/local/lib/node_modules/nodemon
49 silly gunzTarPerm modes [ '775', '664' ]
50 error tar.unpack untar error /home/meet/.npm/nodemon/1.11.0/package.tgz
51 verbose unlock done using /home/meet/.npm/_locks/nodemon-49f7ed19e778991e.lock for /usr/local/lib/node_modules/nodemon
52 verbose fstream_path /usr/local/lib/node_modules/nodemon
53 verbose fstream_type Directory
54 verbose fstream_class DirWriter
55 verbose stack Error: EACCES: permission denied, mkdir '/usr/local/lib/node_modules'
55 verbose stack     at Error (native)
56 verbose fstream_stack /opt/node/lib/node_modules/npm/node_modules/fstream/lib/writer.js:171:25
56 verbose fstream_stack /opt/node/lib/node_modules/npm/node_modules/mkdirp/index.js:47:53
56 verbose fstream_stack FSReqWrap.oncomplete (fs.js:82:15)
57 verbose cwd /home/meet/Desktop/node
58 error Linux 4.4.0-78-generic
59 error argv "/opt/node/bin/node" "/usr/local/bin/npm" "install" "-g" "nodemon"
60 error node v4.2.3
61 error npm  v2.14.7
62 error path /usr/local/lib/node_modules
63 error code EACCES
64 error errno -13
65 error syscall mkdir
66 error Error: EACCES: permission denied, mkdir '/usr/local/lib/node_modules'
66 error     at Error (native)
66 error  { [Error: EACCES: permission denied, mkdir '/usr/local/lib/node_modules']
66 error   errno: -13,
66 error   code: 'EACCES',
66 error   syscall: 'mkdir',
66 error   path: '/usr/local/lib/node_modules',
66 error   fstream_type: 'Directory',
66 error   fstream_path: '/usr/local/lib/node_modules/nodemon',
66 error   fstream_class: 'DirWriter',
66 error   fstream_stack:
66 error    [ '/opt/node/lib/node_modules/npm/node_modules/fstream/lib/writer.js:171:25',
66 error      '/opt/node/lib/node_modules/npm/node_modules/mkdirp/index.js:47:53',
66 error      'FSReqWrap.oncomplete (fs.js:82:15)' ] }
67 error Please try running this command again as root/Administrator.
68 verbose exit [ -13, true ]
69 verbose unbuild lib/node_modules/nodemon
70 silly gentlyRm /usr/local/lib/node_modules/nodemon is being purged from base /usr/local
71 verbose gentlyRm don't care about contents; nuking /usr/local/lib/node_modules/nodemon
